2022-02-19 11:34:19.436  INFO 11552 --- [restartedMain] c.s.s.StarbuxBackendApplication          : Starting StarbuxBackendApplication using Java 11.0.14.1 on DESKTOP-CHQIEJM with PID 11552 (C:\Users\Nathan\Dev\best-seller\starbux\target\classes started by Nathan in C:\Users\Nathan\Dev\best-seller\starbux)
2022-02-19 11:34:19.459  INFO 11552 --- [restartedMain] c.s.s.StarbuxBackendApplication          : The following profiles are active: dev
2022-02-19 11:34:19.611  INFO 11552 --- [restartedMain] .e.DevToolsPropertyDefaultsPostProcessor : Devtools property defaults active! Set 'spring.devtools.add-properties' to 'false' to disable
2022-02-19 11:34:19.611  INFO 11552 --- [restartedMain] .e.DevToolsPropertyDefaultsPostProcessor : For additional web related logging consider setting the 'logging.level.web' property to 'DEBUG'
2022-02-19 11:34:21.179  INFO 11552 --- [restartedMain] .s.d.r.c.RepositoryConfigurationDelegate : Bootstrapping Spring Data JPA repositories in DEFAULT mode.
2022-02-19 11:34:21.275  INFO 11552 --- [restartedMain] .s.d.r.c.RepositoryConfigurationDelegate : Finished Spring Data repository scanning in 86 ms. Found 2 JPA repository interfaces.
2022-02-19 11:34:22.478  INFO 11552 --- [restartedMain] o.s.b.w.embedded.tomcat.TomcatWebServer  : Tomcat initialized with port(s): 8080 (http)
2022-02-19 11:34:22.494  INFO 11552 --- [restartedMain] o.apache.catalina.core.StandardService   : Starting service [Tomcat]
2022-02-19 11:34:22.494  INFO 11552 --- [restartedMain] org.apache.catalina.core.StandardEngine  : Starting Servlet engine: [Apache Tomcat/9.0.46]
2022-02-19 11:34:22.633  INFO 11552 --- [restartedMain] o.a.c.c.C.[Tomcat].[localhost].[/]       : Initializing Spring embedded WebApplicationContext
2022-02-19 11:34:22.633  INFO 11552 --- [restartedMain] w.s.c.ServletWebServerApplicationContext : Root WebApplicationContext: initialization completed in 3022 ms
2022-02-19 11:34:23.010  INFO 11552 --- [restartedMain] o.hibernate.jpa.internal.util.LogHelper  : HHH000204: Processing PersistenceUnitInfo [name: default]
2022-02-19 11:34:23.112  INFO 11552 --- [restartedMain] org.hibernate.Version                    : HHH000412: Hibernate ORM core version 5.4.31.Final
2022-02-19 11:34:23.508  INFO 11552 --- [restartedMain] o.hibernate.annotations.common.Version   : HCANN000001: Hibernate Commons Annotations {5.1.2.Final}
2022-02-19 11:34:23.694  INFO 11552 --- [restartedMain] com.zaxxer.hikari.HikariDataSource       : HikariPool-1 - Starting...
2022-02-19 11:34:24.089  INFO 11552 --- [restartedMain] com.zaxxer.hikari.HikariDataSource       : HikariPool-1 - Start completed.
2022-02-19 11:34:24.118  INFO 11552 --- [restartedMain] org.hibernate.dialect.Dialect            : HHH000400: Using dialect: org.hibernate.dialect.PostgreSQLDialect
2022-02-19 11:34:25.299  WARN 11552 --- [restartedMain] o.h.engine.jdbc.spi.SqlExceptionHelper   : SQL Warning Code: 0, SQLState: 00000
2022-02-19 11:34:25.299  WARN 11552 --- [restartedMain] o.h.engine.jdbc.spi.SqlExceptionHelper   : table "drink" does not exist, skipping
2022-02-19 11:34:25.302  WARN 11552 --- [restartedMain] o.h.engine.jdbc.spi.SqlExceptionHelper   : SQL Warning Code: 0, SQLState: 00000
2022-02-19 11:34:25.302  WARN 11552 --- [restartedMain] o.h.engine.jdbc.spi.SqlExceptionHelper   : table "topping" does not exist, skipping
2022-02-19 11:34:25.365  INFO 11552 --- [restartedMain] o.h.e.t.j.p.i.JtaPlatformInitiator       : HHH000490: Using JtaPlatform implementation: [org.hibernate.engine.transaction.jta.platform.internal.NoJtaPlatform]
2022-02-19 11:34:25.374  INFO 11552 --- [restartedMain] j.LocalContainerEntityManagerFactoryBean : Initialized JPA EntityManagerFactory for persistence unit 'default'
2022-02-19 11:34:26.084  WARN 11552 --- [restartedMain] JpaBaseConfiguration$JpaWebConfiguration : spring.jpa.open-in-view is enabled by default. Therefore, database queries may be performed during view rendering. Explicitly configure spring.jpa.open-in-view to disable this warning
2022-02-19 11:34:26.304  INFO 11552 --- [restartedMain] pertySourcedRequestMappingHandlerMapping : Mapped URL path [/v2/api-docs] onto method [springfox.documentation.swagger2.web.Swagger2Controller#getDocumentation(String, HttpServletRequest)]
2022-02-19 11:34:26.457  INFO 11552 --- [restartedMain] o.s.b.d.a.OptionalLiveReloadServer       : LiveReload server is running on port 35729
2022-02-19 11:34:26.732  INFO 11552 --- [restartedMain] o.s.b.w.embedded.tomcat.TomcatWebServer  : Tomcat started on port(s): 8080 (http) with context path ''
2022-02-19 11:34:26.732  INFO 11552 --- [restartedMain] d.s.w.p.DocumentationPluginsBootstrapper : Context refreshed
2022-02-19 11:34:26.763  INFO 11552 --- [restartedMain] d.s.w.p.DocumentationPluginsBootstrapper : Found 1 custom documentation plugin(s)
2022-02-19 11:34:26.794  INFO 11552 --- [restartedMain] s.d.s.w.s.ApiListingReferenceScanner     : Scanning for api listing references
2022-02-19 11:34:26.974  INFO 11552 --- [restartedMain] c.s.s.StarbuxBackendApplication          : Started StarbuxBackendApplication in 8.419 seconds (JVM running for 9.631)
2022-02-19 11:34:26.974  INFO 11552 --- [restartedMain] o.s.b.a.ApplicationAvailabilityBean      : Application availability state LivenessState changed to CORRECT
2022-02-19 11:34:26.991  INFO 11552 --- [restartedMain] o.s.b.a.ApplicationAvailabilityBean      : Application availability state ReadinessState changed to ACCEPTING_TRAFFIC
2022-02-19 11:34:36.328  INFO 11552 --- [http-nio-8080-exec-1] o.a.c.c.C.[Tomcat].[localhost].[/]       : Initializing Spring DispatcherServlet 'dispatcherServlet'
2022-02-19 11:34:36.334  INFO 11552 --- [http-nio-8080-exec-1] o.s.web.servlet.DispatcherServlet        : Initializing Servlet 'dispatcherServlet'
2022-02-19 11:34:36.335  INFO 11552 --- [http-nio-8080-exec-1] o.s.web.servlet.DispatcherServlet        : Completed initialization in 0 ms
2022-02-19 11:34:58.228  INFO 11552 --- [http-nio-8080-exec-10] c.s.s.s.implementation.UserServiceImpl   : Creating user: UserDto(id=null, name=Teste)
2022-02-19 11:35:07.878  INFO 11552 --- [http-nio-8080-exec-1] c.s.s.s.implementation.UserServiceImpl   : Creating user: UserDto(id=null, name=Teste2)
